2021-08-10 16:56:47.933 INFO  com.neusoft.mpc.WeatherApplication Line:55  - Starting WeatherApplication on DESKTOP-QVH8DSK with PID 36344 (D:\workspaces\java-code\weather\target\classes started by HP in D:\workspaces\java-code)
2021-08-10 16:56:47.948 INFO  com.neusoft.mpc.WeatherApplication Line:651 - No active profile set, falling back to default profiles: default
2021-08-10 16:56:48.820 INFO  org.springframework.boot.web.embedded.tomcat.TomcatWebServer Line:92  - Tomcat initialized with port(s): 8080 (http)
2021-08-10 16:56:48.828 INFO  org.apache.catalina.core.StandardService Line:173 - Starting service [Tomcat]
2021-08-10 16:56:48.829 INFO  org.apache.catalina.core.StandardEngine Line:173 - Starting Servlet engine: [Apache Tomcat/9.0.27]
2021-08-10 16:56:48.911 INFO  org.apache.catalina.core.ContainerBase.[Tomcat].[localhost].[/] Line:173 - Initializing Spring embedded WebApplicationContext
2021-08-10 16:56:48.912 INFO  org.springframework.web.context.ContextLoader Line:284 - Root WebApplicationContext: initialization completed in 859 ms
2021-08-10 16:56:49.017 INFO  org.springframework.scheduling.concurrent.ThreadPoolTaskExecutor Line:171 - Initializing ExecutorService 'applicationTaskExecutor'
2021-08-10 16:56:49.202 INFO  org.springframework.boot.web.embedded.tomcat.TomcatWebServer Line:204 - Tomcat started on port(s): 8080 (http) with context path ''
2021-08-10 16:56:49.203 INFO  com.neusoft.mpc.WeatherApplication Line:61  - Started WeatherApplication in 2.037 seconds (JVM running for 3.057)
2021-08-10 16:57:08.490 INFO  org.apache.catalina.core.ContainerBase.[Tomcat].[localhost].[/] Line:173 - Initializing Spring DispatcherServlet 'dispatcherServlet'
2021-08-10 16:57:08.491 INFO  org.springframework.web.servlet.DispatcherServlet Line:525 - Initializing Servlet 'dispatcherServlet'
2021-08-10 16:57:08.494 INFO  org.springframework.web.servlet.DispatcherServlet Line:547 - Completed initialization in 3 ms
2021-08-10 17:03:52.633 INFO  com.neusoft.mpc.WeatherApplication Line:55  - Starting WeatherApplication on DESKTOP-QVH8DSK with PID 8972 (D:\workspaces\java-code\weather\target\classes started by HP in D:\workspaces\java-code)
2021-08-10 17:03:52.638 INFO  com.neusoft.mpc.WeatherApplication Line:651 - No active profile set, falling back to default profiles: default
2021-08-10 17:03:54.143 INFO  org.springframework.boot.web.embedded.tomcat.TomcatWebServer Line:92  - Tomcat initialized with port(s): 8080 (http)
2021-08-10 17:03:54.173 INFO  org.apache.catalina.core.StandardService Line:173 - Starting service [Tomcat]
2021-08-10 17:03:54.174 INFO  org.apache.catalina.core.StandardEngine Line:173 - Starting Servlet engine: [Apache Tomcat/9.0.27]
2021-08-10 17:03:54.303 INFO  org.apache.catalina.core.ContainerBase.[Tomcat].[localhost].[/] Line:173 - Initializing Spring embedded WebApplicationContext
2021-08-10 17:03:54.304 INFO  org.springframework.web.context.ContextLoader Line:284 - Root WebApplicationContext: initialization completed in 1600 ms
2021-08-10 17:03:54.688 INFO  org.springframework.scheduling.concurrent.ThreadPoolTaskExecutor Line:171 - Initializing ExecutorService 'applicationTaskExecutor'
2021-08-10 17:03:54.955 INFO  org.springframework.boot.web.embedded.tomcat.TomcatWebServer Line:204 - Tomcat started on port(s): 8080 (http) with context path ''
2021-08-10 17:03:54.959 INFO  com.neusoft.mpc.WeatherApplication Line:61  - Started WeatherApplication in 3.349 seconds (JVM running for 7.873)
2021-08-10 17:05:00.275 INFO  org.apache.catalina.core.ContainerBase.[Tomcat].[localhost].[/] Line:173 - Initializing Spring DispatcherServlet 'dispatcherServlet'
2021-08-10 17:05:00.276 INFO  org.springframework.web.servlet.DispatcherServlet Line:525 - Initializing Servlet 'dispatcherServlet'
2021-08-10 17:05:00.303 INFO  org.springframework.web.servlet.DispatcherServlet Line:547 - Completed initialization in 27 ms
