2021-08-19 09:19:31.525 INFO  com.neusoft.mpc.WeatherApplication Line:55  - Starting WeatherApplication on DESKTOP-QVH8DSK with PID 20844 (D:\workspaces\java-code\weather\target\classes started by HP in D:\workspaces\java-code)
2021-08-19 09:19:31.597 INFO  com.neusoft.mpc.WeatherApplication Line:651 - No active profile set, falling back to default profiles: default
2021-08-19 09:19:33.239 INFO  org.springframework.boot.web.embedded.tomcat.TomcatWebServer Line:92  - Tomcat initialized with port(s): 8080 (http)
2021-08-19 09:19:33.253 INFO  org.apache.catalina.core.StandardService Line:173 - Starting service [Tomcat]
2021-08-19 09:19:33.254 INFO  org.apache.catalina.core.StandardEngine Line:173 - Starting Servlet engine: [Apache Tomcat/9.0.27]
2021-08-19 09:19:34.194 INFO  org.apache.catalina.core.ContainerBase.[Tomcat].[localhost].[/] Line:173 - Initializing Spring embedded WebApplicationContext
2021-08-19 09:19:34.195 INFO  org.springframework.web.context.ContextLoader Line:284 - Root WebApplicationContext: initialization completed in 2327 ms
2021-08-19 09:19:34.406 INFO  org.springframework.scheduling.concurrent.ThreadPoolTaskExecutor Line:171 - Initializing ExecutorService 'applicationTaskExecutor'
2021-08-19 09:19:34.686 INFO  org.springframework.boot.web.embedded.tomcat.TomcatWebServer Line:204 - Tomcat started on port(s): 8080 (http) with context path ''
2021-08-19 09:19:34.688 INFO  com.neusoft.mpc.WeatherApplication Line:61  - Started WeatherApplication in 4.038 seconds (JVM running for 5.791)
2021-08-19 09:20:13.900 INFO  org.apache.catalina.core.ContainerBase.[Tomcat].[localhost].[/] Line:173 - Initializing Spring DispatcherServlet 'dispatcherServlet'
2021-08-19 09:20:13.900 INFO  org.springframework.web.servlet.DispatcherServlet Line:525 - Initializing Servlet 'dispatcherServlet'
2021-08-19 09:20:13.904 INFO  org.springframework.web.servlet.DispatcherServlet Line:547 - Completed initialization in 4 ms
2021-08-19 09:36:44.289 INFO  com.neusoft.mpc.WeatherApplication Line:55  - Starting WeatherApplication on DESKTOP-QVH8DSK with PID 10392 (D:\workspaces\java-code\weather\target\classes started by HP in D:\workspaces\java-code)
2021-08-19 09:36:44.292 INFO  com.neusoft.mpc.WeatherApplication Line:651 - No active profile set, falling back to default profiles: default
2021-08-19 09:36:44.903 INFO  org.springframework.boot.web.embedded.tomcat.TomcatWebServer Line:92  - Tomcat initialized with port(s): 8080 (http)
2021-08-19 09:36:44.910 INFO  org.apache.catalina.core.StandardService Line:173 - Starting service [Tomcat]
2021-08-19 09:36:44.910 INFO  org.apache.catalina.core.StandardEngine Line:173 - Starting Servlet engine: [Apache Tomcat/9.0.27]
2021-08-19 09:36:45.040 INFO  org.apache.catalina.core.ContainerBase.[Tomcat].[localhost].[/] Line:173 - Initializing Spring embedded WebApplicationContext
2021-08-19 09:36:45.040 INFO  org.springframework.web.context.ContextLoader Line:284 - Root WebApplicationContext: initialization completed in 717 ms
2021-08-19 09:36:45.138 INFO  org.springframework.scheduling.concurrent.ThreadPoolTaskExecutor Line:171 - Initializing ExecutorService 'applicationTaskExecutor'
2021-08-19 09:36:45.244 INFO  org.springframework.boot.web.embedded.tomcat.TomcatWebServer Line:204 - Tomcat started on port(s): 8080 (http) with context path ''
2021-08-19 09:36:45.246 INFO  com.neusoft.mpc.WeatherApplication Line:61  - Started WeatherApplication in 1.409 seconds (JVM running for 2.065)
2021-08-19 09:36:55.371 INFO  org.apache.catalina.core.ContainerBase.[Tomcat].[localhost].[/] Line:173 - Initializing Spring DispatcherServlet 'dispatcherServlet'
2021-08-19 09:36:55.372 INFO  org.springframework.web.servlet.DispatcherServlet Line:525 - Initializing Servlet 'dispatcherServlet'
2021-08-19 09:36:55.375 INFO  org.springframework.web.servlet.DispatcherServlet Line:547 - Completed initialization in 3 ms
2021-08-19 09:38:55.973 INFO  com.neusoft.mpc.WeatherApplication Line:55  - Starting WeatherApplication on DESKTOP-QVH8DSK with PID 20408 (D:\workspaces\java-code\weather\target\classes started by HP in D:\workspaces\java-code)
2021-08-19 09:38:55.976 INFO  com.neusoft.mpc.WeatherApplication Line:651 - No active profile set, falling back to default profiles: default
2021-08-19 09:38:56.642 INFO  org.springframework.boot.web.embedded.tomcat.TomcatWebServer Line:92  - Tomcat initialized with port(s): 8080 (http)
2021-08-19 09:38:56.648 INFO  org.apache.catalina.core.StandardService Line:173 - Starting service [Tomcat]
2021-08-19 09:38:56.648 INFO  org.apache.catalina.core.StandardEngine Line:173 - Starting Servlet engine: [Apache Tomcat/9.0.27]
2021-08-19 09:38:56.691 INFO  org.apache.catalina.core.ContainerBase.[Tomcat].[localhost].[/] Line:173 - Initializing Spring embedded WebApplicationContext
2021-08-19 09:38:56.692 INFO  org.springframework.web.context.ContextLoader Line:284 - Root WebApplicationContext: initialization completed in 689 ms
2021-08-19 09:38:56.780 INFO  org.springframework.scheduling.concurrent.ThreadPoolTaskExecutor Line:171 - Initializing ExecutorService 'applicationTaskExecutor'
2021-08-19 09:38:56.884 INFO  org.springframework.boot.web.embedded.tomcat.TomcatWebServer Line:204 - Tomcat started on port(s): 8080 (http) with context path ''
2021-08-19 09:38:56.886 INFO  com.neusoft.mpc.WeatherApplication Line:61  - Started WeatherApplication in 1.195 seconds (JVM running for 1.577)
2021-08-19 09:39:30.447 INFO  org.apache.catalina.core.ContainerBase.[Tomcat].[localhost].[/] Line:173 - Initializing Spring DispatcherServlet 'dispatcherServlet'
2021-08-19 09:39:30.447 INFO  org.springframework.web.servlet.DispatcherServlet Line:525 - Initializing Servlet 'dispatcherServlet'
2021-08-19 09:39:30.450 INFO  org.springframework.web.servlet.DispatcherServlet Line:547 - Completed initialization in 3 ms
2021-08-19 09:41:13.959 INFO  com.neusoft.mpc.WeatherApplication Line:55  - Starting WeatherApplication on DESKTOP-QVH8DSK with PID 12120 (D:\workspaces\java-code\weather\target\classes started by HP in D:\workspaces\java-code)
2021-08-19 09:41:13.961 INFO  com.neusoft.mpc.WeatherApplication Line:651 - No active profile set, falling back to default profiles: default
2021-08-19 09:41:14.603 INFO  org.springframework.boot.web.embedded.tomcat.TomcatWebServer Line:92  - Tomcat initialized with port(s): 8080 (http)
2021-08-19 09:41:14.608 INFO  org.apache.catalina.core.StandardService Line:173 - Starting service [Tomcat]
2021-08-19 09:41:14.608 INFO  org.apache.catalina.core.StandardEngine Line:173 - Starting Servlet engine: [Apache Tomcat/9.0.27]
2021-08-19 09:41:14.652 INFO  org.apache.catalina.core.ContainerBase.[Tomcat].[localhost].[/] Line:173 - Initializing Spring embedded WebApplicationContext
2021-08-19 09:41:14.652 INFO  org.springframework.web.context.ContextLoader Line:284 - Root WebApplicationContext: initialization completed in 663 ms
2021-08-19 09:41:14.740 INFO  org.springframework.scheduling.concurrent.ThreadPoolTaskExecutor Line:171 - Initializing ExecutorService 'applicationTaskExecutor'
2021-08-19 09:41:14.850 INFO  org.springframework.boot.web.embedded.tomcat.TomcatWebServer Line:204 - Tomcat started on port(s): 8080 (http) with context path ''
2021-08-19 09:41:14.852 INFO  com.neusoft.mpc.WeatherApplication Line:61  - Started WeatherApplication in 1.177 seconds (JVM running for 1.578)
2021-08-19 09:41:27.308 INFO  org.apache.catalina.core.ContainerBase.[Tomcat].[localhost].[/] Line:173 - Initializing Spring DispatcherServlet 'dispatcherServlet'
2021-08-19 09:41:27.308 INFO  org.springframework.web.servlet.DispatcherServlet Line:525 - Initializing Servlet 'dispatcherServlet'
2021-08-19 09:41:27.312 INFO  org.springframework.web.servlet.DispatcherServlet Line:547 - Completed initialization in 4 ms
