2021-08-24 08:47:12.503 INFO  com.neusoft.mpc.WeatherApplication Line:55  - Starting WeatherApplication on DESKTOP-QVH8DSK with PID 30252 (D:\workspaces\java-code\weather\target\classes started by HP in D:\workspaces\java-code)
2021-08-24 08:47:12.520 INFO  com.neusoft.mpc.WeatherApplication Line:651 - No active profile set, falling back to default profiles: default
2021-08-24 08:47:13.416 INFO  org.springframework.boot.web.embedded.tomcat.TomcatWebServer Line:92  - Tomcat initialized with port(s): 8080 (http)
2021-08-24 08:47:13.422 INFO  org.apache.catalina.core.StandardService Line:173 - Starting service [Tomcat]
2021-08-24 08:47:13.423 INFO  org.apache.catalina.core.StandardEngine Line:173 - Starting Servlet engine: [Apache Tomcat/9.0.27]
2021-08-24 08:47:13.553 INFO  org.apache.catalina.core.ContainerBase.[Tomcat].[localhost].[/] Line:173 - Initializing Spring embedded WebApplicationContext
2021-08-24 08:47:13.554 INFO  org.springframework.web.context.ContextLoader Line:284 - Root WebApplicationContext: initialization completed in 933 ms
2021-08-24 08:47:13.705 INFO  org.springframework.scheduling.concurrent.ThreadPoolTaskExecutor Line:171 - Initializing ExecutorService 'applicationTaskExecutor'
2021-08-24 08:47:13.862 INFO  org.springframework.boot.web.embedded.tomcat.TomcatWebServer Line:204 - Tomcat started on port(s): 8080 (http) with context path ''
2021-08-24 08:47:13.864 INFO  com.neusoft.mpc.WeatherApplication Line:61  - Started WeatherApplication in 2.151 seconds (JVM running for 2.994)
2021-08-24 08:47:29.002 INFO  org.apache.catalina.core.ContainerBase.[Tomcat].[localhost].[/] Line:173 - Initializing Spring DispatcherServlet 'dispatcherServlet'
2021-08-24 08:47:29.003 INFO  org.springframework.web.servlet.DispatcherServlet Line:525 - Initializing Servlet 'dispatcherServlet'
2021-08-24 08:47:29.006 INFO  org.springframework.web.servlet.DispatcherServlet Line:547 - Completed initialization in 3 ms
2021-08-24 09:08:35.122 INFO  com.neusoft.mpc.WeatherApplication Line:55  - Starting WeatherApplication on DESKTOP-QVH8DSK with PID 33500 (D:\workspaces\java-code\weather\target\classes started by HP in D:\workspaces\java-code)
2021-08-24 09:08:35.142 INFO  com.neusoft.mpc.WeatherApplication Line:651 - No active profile set, falling back to default profiles: default
2021-08-24 09:08:36.084 INFO  org.springframework.boot.web.embedded.tomcat.TomcatWebServer Line:92  - Tomcat initialized with port(s): 8081 (http)
2021-08-24 09:08:36.091 INFO  org.apache.catalina.core.StandardService Line:173 - Starting service [Tomcat]
2021-08-24 09:08:36.091 INFO  org.apache.catalina.core.StandardEngine Line:173 - Starting Servlet engine: [Apache Tomcat/9.0.27]
2021-08-24 09:08:36.222 INFO  org.apache.catalina.core.ContainerBase.[Tomcat].[localhost].[/] Line:173 - Initializing Spring embedded WebApplicationContext
2021-08-24 09:08:36.222 INFO  org.springframework.web.context.ContextLoader Line:284 - Root WebApplicationContext: initialization completed in 1014 ms
2021-08-24 09:08:36.362 INFO  org.springframework.scheduling.concurrent.ThreadPoolTaskExecutor Line:171 - Initializing ExecutorService 'applicationTaskExecutor'
2021-08-24 09:08:36.601 INFO  org.springframework.boot.web.embedded.tomcat.TomcatWebServer Line:204 - Tomcat started on port(s): 8081 (http) with context path ''
2021-08-24 09:08:36.604 INFO  com.neusoft.mpc.WeatherApplication Line:61  - Started WeatherApplication in 2.29 seconds (JVM running for 4.483)
2021-08-24 09:14:49.122 INFO  org.apache.catalina.core.ContainerBase.[Tomcat].[localhost].[/] Line:173 - Initializing Spring DispatcherServlet 'dispatcherServlet'
2021-08-24 09:14:49.123 INFO  org.springframework.web.servlet.DispatcherServlet Line:525 - Initializing Servlet 'dispatcherServlet'
2021-08-24 09:14:49.137 INFO  org.springframework.web.servlet.DispatcherServlet Line:547 - Completed initialization in 14 ms
